<?xml version="1.0" encoding="UTF-8"?>
<testng-results skipped="0" failed="1" ignored="0" total="1" passed="0">
  <reporter-output>
  </reporter-output>
  <suite name="Default suite" duration-ms="7801" started-at="2019-08-05T09:47:18Z" finished-at="2019-08-05T09:47:25Z">
    <groups>
    </groups>
    <test name="Default test" duration-ms="7801" started-at="2019-08-05T09:47:18Z" finished-at="2019-08-05T09:47:25Z">
      <class name="com.testvagrant.testscripts.SIgnInTestSuite">
        <test-method status="PASS" signature="launch()[pri:0, instance:com.testvagrant.testscripts.SIgnInTestSuite@148080bb]" name="launch" is-config="true" duration-ms="4138" started-at="2019-08-05T15:17:13Z" finished-at="2019-08-05T15:17:18Z">
          <reporter-output>
          </reporter-output>
        </test-method> <!-- launch -->
        <test-method status="PASS" signature="setup()[pri:0, instance:com.testvagrant.testscripts.SIgnInTestSuite@148080bb]" name="setup" is-config="true" duration-ms="25" started-at="2019-08-05T15:17:18Z" finished-at="2019-08-05T15:17:18Z">
          <reporter-output>
          </reporter-output>
        </test-method> <!-- setup -->
        <test-method status="FAIL" signature="shouldThrowAnErrorIfSignInDetailsAreMissing()[pri:0, instance:com.testvagrant.testscripts.SIgnInTestSuite@148080bb]" name="shouldThrowAnErrorIfSignInDetailsAreMissing" duration-ms="6571" started-at="2019-08-05T15:17:18Z" finished-at="2019-08-05T15:17:24Z">
          <exception class="java.lang.NullPointerException">
            <full-stacktrace>
              <![CDATA[java.lang.NullPointerException
	at com.testvagrant.testscripts.SIgnInTestSuite.shouldThrowAnErrorIfSignInDetailsAreMissing(SIgnInTestSuite.java:45)
	at sun.reflect.NativeMethodAccessorImpl.invoke0(Native Method)
	at sun.reflect.NativeMethodAccessorImpl.invoke(Unknown Source)
	at sun.reflect.DelegatingMethodAccessorImpl.invoke(Unknown Source)
	at java.lang.reflect.Method.invoke(Unknown Source)
	at org.testng.internal.MethodInvocationHelper.invokeMethod(MethodInvocationHelper.java:104)
	at org.testng.internal.Invoker.invokeMethod(Invoker.java:645)
	at org.testng.internal.Invoker.invokeTestMethod(Invoker.java:851)
	at org.testng.internal.Invoker.invokeTestMethods(Invoker.java:1177)
	at org.testng.internal.TestMethodWorker.invokeTestMethods(TestMethodWorker.java:129)
	at org.testng.internal.TestMethodWorker.run(TestMethodWorker.java:112)
	at org.testng.TestRunner.privateRun(TestRunner.java:756)
	at org.testng.TestRunner.run(TestRunner.java:610)
	at org.testng.SuiteRunner.runTest(SuiteRunner.java:387)
	at org.testng.SuiteRunner.runSequentially(SuiteRunner.java:382)
	at org.testng.SuiteRunner.privateRun(SuiteRunner.java:340)
	at org.testng.SuiteRunner.run(SuiteRunner.java:289)
	at org.testng.SuiteRunnerWorker.runSuite(SuiteRunnerWorker.java:52)
	at org.testng.SuiteRunnerWorker.run(SuiteRunnerWorker.java:86)
	at org.testng.TestNG.runSuitesSequentially(TestNG.java:1293)
	at org.testng.TestNG.runSuitesLocally(TestNG.java:1218)
	at org.testng.TestNG.runSuites(TestNG.java:1133)
	at org.testng.TestNG.run(TestNG.java:1104)
	at org.testng.remote.AbstractRemoteTestNG.run(AbstractRemoteTestNG.java:115)
	at org.testng.remote.RemoteTestNG.initAndRun(RemoteTestNG.java:251)
	at org.testng.remote.RemoteTestNG.main(RemoteTestNG.java:77)
]]>
            </full-stacktrace>
          </exception> <!-- java.lang.NullPointerException -->
          <reporter-output>
          </reporter-output>
        </test-method> <!-- shouldThrowAnErrorIfSignInDetailsAreMissing -->
        <test-method status="PASS" signature="quitbrowser()[pri:0, instance:com.testvagrant.testscripts.SIgnInTestSuite@148080bb]" name="quitbrowser" is-config="true" duration-ms="1188" started-at="2019-08-05T15:17:24Z" finished-at="2019-08-05T15:17:25Z">
          <reporter-output>
          </reporter-output>
        </test-method> <!-- quitbrowser -->
        <test-method status="PASS" signature="close()[pri:0, instance:com.testvagrant.testscripts.SIgnInTestSuite@148080bb]" name="close" is-config="true" duration-ms="0" started-at="2019-08-05T15:17:25Z" finished-at="2019-08-05T15:17:25Z">
          <reporter-output>
          </reporter-output>
        </test-method> <!-- close -->
      </class> <!-- com.testvagrant.testscripts.SIgnInTestSuite -->
    </test> <!-- Default test -->
  </suite> <!-- Default suite -->
</testng-results>
